#Software: Microsoft Internet Information Services 8.0
#Version: 1.0
#Date: 2018-03-03 15:54:00
#Fields: date time s-ip cs-method cs-uri-stem cs-uri-query s-port cs-username c-ip cs(User-Agent) cs(Referer) sc-status sc-substatus sc-win32-status time-taken
2018-03-03 15:54:00 ::1 GET / - 42772 - ::1 Mozilla/5.0+(Windows+NT+10.0;+WOW64)+AppleWebKit/537.36+(KHTML,+like+Gecko)+Chrome/41.0.2272.118+Safari/537.36 - 200 0 0 16613
2018-03-03 15:54:00 ::1 GET /dist/css/skins/_all-skins.min.css - 42772 - ::1 Mozilla/5.0+(Windows+NT+10.0;+WOW64)+AppleWebKit/537.36+(KHTML,+like+Gecko)+Chrome/41.0.2272.118+Safari/537.36 http://localhost:42772/ 200 0 0 94
2018-03-03 15:54:00 ::1 GET /plugins/morris/morris.css - 42772 - ::1 Mozilla/5.0+(Windows+NT+10.0;+WOW64)+AppleWebKit/537.36+(KHTML,+like+Gecko)+Chrome/41.0.2272.118+Safari/537.36 http://localhost:42772/ 200 0 0 114
2018-03-03 15:54:00 ::1 GET /plugins/iCheck/flat/blue.css - 42772 - ::1 Mozilla/5.0+(Windows+NT+10.0;+WOW64)+AppleWebKit/537.36+(KHTML,+like+Gecko)+Chrome/41.0.2272.118+Safari/537.36 http://localhost:42772/ 200 0 0 120
2018-03-03 15:54:00 ::1 GET /plugins/jvectormap/jquery-jvectormap-1.2.2.css - 42772 - ::1 Mozilla/5.0+(Windows+NT+10.0;+WOW64)+AppleWebKit/537.36+(KHTML,+like+Gecko)+Chrome/41.0.2272.118+Safari/537.36 http://localhost:42772/ 200 0 0 281
2018-03-03 15:54:00 ::1 GET /bootstrap/css/bootstrap.min.css - 42772 - ::1 Mozilla/5.0+(Windows+NT+10.0;+WOW64)+AppleWebKit/537.36+(KHTML,+like+Gecko)+Chrome/41.0.2272.118+Safari/537.36 http://localhost:42772/ 200 0 0 287
2018-03-03 15:54:00 ::1 GET /plugins/datepicker/datepicker3.css - 42772 - ::1 Mozilla/5.0+(Windows+NT+10.0;+WOW64)+AppleWebKit/537.36+(KHTML,+like+Gecko)+Chrome/41.0.2272.118+Safari/537.36 http://localhost:42772/ 200 0 0 253
2018-03-03 15:54:00 ::1 GET /plugins/daterangepicker/daterangepicker.css - 42772 - ::1 Mozilla/5.0+(Windows+NT+10.0;+WOW64)+AppleWebKit/537.36+(KHTML,+like+Gecko)+Chrome/41.0.2272.118+Safari/537.36 http://localhost:42772/ 200 0 0 145
2018-03-03 15:54:00 ::1 GET /dist/css/AdminLTE.min.css - 42772 - ::1 Mozilla/5.0+(Windows+NT+10.0;+WOW64)+AppleWebKit/537.36+(KHTML,+like+Gecko)+Chrome/41.0.2272.118+Safari/537.36 http://localhost:42772/ 200 0 0 427
2018-03-03 15:54:00 ::1 GET /plugins/jQuery/jquery-2.2.3.min.js - 42772 - ::1 Mozilla/5.0+(Windows+NT+10.0;+WOW64)+AppleWebKit/537.36+(KHTML,+like+Gecko)+Chrome/41.0.2272.118+Safari/537.36 http://localhost:42772/ 200 0 0 188
2018-03-03 15:54:00 ::1 GET /plugins/bootstrap-wysihtml5/bootstrap3-wysihtml5.min.css - 42772 - ::1 Mozilla/5.0+(Windows+NT+10.0;+WOW64)+AppleWebKit/537.36+(KHTML,+like+Gecko)+Chrome/41.0.2272.118+Safari/537.36 http://localhost:42772/ 200 0 0 193
2018-03-03 15:54:00 ::1 GET /plugins/morris/morris.min.js - 42772 - ::1 Mozilla/5.0+(Windows+NT+10.0;+WOW64)+AppleWebKit/537.36+(KHTML,+like+Gecko)+Chrome/41.0.2272.118+Safari/537.36 http://localhost:42772/ 200 0 0 202
2018-03-03 15:54:00 ::1 GET /bootstrap/js/bootstrap.min.js - 42772 - ::1 Mozilla/5.0+(Windows+NT+10.0;+WOW64)+AppleWebKit/537.36+(KHTML,+like+Gecko)+Chrome/41.0.2272.118+Safari/537.36 http://localhost:42772/ 200 0 0 268
2018-03-03 15:54:00 ::1 GET /plugins/jvectormap/jquery-jvectormap-1.2.2.min.js - 42772 - ::1 Mozilla/5.0+(Windows+NT+10.0;+WOW64)+AppleWebKit/537.36+(KHTML,+like+Gecko)+Chrome/41.0.2272.118+Safari/537.36 http://localhost:42772/ 200 0 0 153
2018-03-03 15:54:00 ::1 GET /plugins/sparkline/jquery.sparkline.min.js - 42772 - ::1 Mozilla/5.0+(Windows+NT+10.0;+WOW64)+AppleWebKit/537.36+(KHTML,+like+Gecko)+Chrome/41.0.2272.118+Safari/537.36 http://localhost:42772/ 200 0 0 185
2018-03-03 15:54:00 ::1 GET /plugins/knob/jquery.knob.js - 42772 - ::1 Mozilla/5.0+(Windows+NT+10.0;+WOW64)+AppleWebKit/537.36+(KHTML,+like+Gecko)+Chrome/41.0.2272.118+Safari/537.36 http://localhost:42772/ 200 0 0 114
2018-03-03 15:54:00 ::1 GET /plugins/daterangepicker/daterangepicker.js - 42772 - ::1 Mozilla/5.0+(Windows+NT+10.0;+WOW64)+AppleWebKit/537.36+(KHTML,+like+Gecko)+Chrome/41.0.2272.118+Safari/537.36 http://localhost:42772/ 200 0 0 128
2018-03-03 15:54:00 ::1 GET /plugins/datepicker/bootstrap-datepicker.js - 42772 - ::1 Mozilla/5.0+(Windows+NT+10.0;+WOW64)+AppleWebKit/537.36+(KHTML,+like+Gecko)+Chrome/41.0.2272.118+Safari/537.36 http://localhost:42772/ 200 0 0 147
2018-03-03 15:54:00 ::1 GET /plugins/slimScroll/jquery.slimscroll.min.js - 42772 - ::1 Mozilla/5.0+(Windows+NT+10.0;+WOW64)+AppleWebKit/537.36+(KHTML,+like+Gecko)+Chrome/41.0.2272.118+Safari/537.36 http://localhost:42772/ 200 0 0 78
2018-03-03 15:54:00 ::1 GET /plugins/jvectormap/jquery-jvectormap-world-mill-en.js - 42772 - ::1 Mozilla/5.0+(Windows+NT+10.0;+WOW64)+AppleWebKit/537.36+(KHTML,+like+Gecko)+Chrome/41.0.2272.118+Safari/537.36 http://localhost:42772/ 200 0 0 409
2018-03-03 15:54:00 ::1 GET /plugins/bootstrap-wysihtml5/bootstrap3-wysihtml5.all.min.js - 42772 - ::1 Mozilla/5.0+(Windows+NT+10.0;+WOW64)+AppleWebKit/537.36+(KHTML,+like+Gecko)+Chrome/41.0.2272.118+Safari/537.36 http://localhost:42772/ 200 0 0 295
2018-03-03 15:54:01 ::1 GET /dist/js/app.min.js - 42772 - ::1 Mozilla/5.0+(Windows+NT+10.0;+WOW64)+AppleWebKit/537.36+(KHTML,+like+Gecko)+Chrome/41.0.2272.118+Safari/537.36 http://localhost:42772/ 200 0 0 66
2018-03-03 15:54:01 ::1 GET /dist/js/demo.js - 42772 - ::1 Mozilla/5.0+(Windows+NT+10.0;+WOW64)+AppleWebKit/537.36+(KHTML,+like+Gecko)+Chrome/41.0.2272.118+Safari/537.36 http://localhost:42772/ 200 0 0 75
2018-03-03 15:54:01 ::1 GET /plugins/fastclick/fastclick.js - 42772 - ::1 Mozilla/5.0+(Windows+NT+10.0;+WOW64)+AppleWebKit/537.36+(KHTML,+like+Gecko)+Chrome/41.0.2272.118+Safari/537.36 http://localhost:42772/ 200 0 0 90
2018-03-03 15:54:01 ::1 GET /dist/js/pages/dashboard.js - 42772 - ::1 Mozilla/5.0+(Windows+NT+10.0;+WOW64)+AppleWebKit/537.36+(KHTML,+like+Gecko)+Chrome/41.0.2272.118+Safari/537.36 http://localhost:42772/ 200 0 0 131
2018-03-03 15:54:01 ::1 GET /dist/img/user2-160x160.jpg - 42772 - ::1 Mozilla/5.0+(Windows+NT+10.0;+WOW64)+AppleWebKit/537.36+(KHTML,+like+Gecko)+Chrome/41.0.2272.118+Safari/537.36 http://localhost:42772/ 200 0 0 53
2018-03-03 15:54:01 ::1 GET /dist/img/user3-128x128.jpg - 42772 - ::1 Mozilla/5.0+(Windows+NT+10.0;+WOW64)+AppleWebKit/537.36+(KHTML,+like+Gecko)+Chrome/41.0.2272.118+Safari/537.36 http://localhost:42772/ 200 0 0 59
2018-03-03 15:54:01 ::1 GET /dist/img/user4-128x128.jpg - 42772 - ::1 Mozilla/5.0+(Windows+NT+10.0;+WOW64)+AppleWebKit/537.36+(KHTML,+like+Gecko)+Chrome/41.0.2272.118+Safari/537.36 http://localhost:42772/ 200 0 0 61
2018-03-03 15:54:02 ::1 GET /favicon.ico - 42772 - ::1 Mozilla/5.0+(Windows+NT+10.0;+WOW64)+AppleWebKit/537.36+(KHTML,+like+Gecko)+Chrome/41.0.2272.118+Safari/537.36 - 200 0 0 59
2018-03-03 15:54:18 ::1 GET /pages/calendar.html - 42772 - ::1 Mozilla/5.0+(Windows+NT+10.0;+WOW64)+AppleWebKit/537.36+(KHTML,+like+Gecko)+Chrome/41.0.2272.118+Safari/537.36 http://localhost:42772/ 200 0 0 65
2018-03-03 15:54:18 ::1 GET /plugins/fullcalendar/fullcalendar.print.css - 42772 - ::1 Mozilla/5.0+(Windows+NT+10.0;+WOW64)+AppleWebKit/537.36+(KHTML,+like+Gecko)+Chrome/41.0.2272.118+Safari/537.36 http://localhost:42772/pages/calendar.html 200 0 0 52
2018-03-03 15:54:18 ::1 GET /plugins/fullcalendar/fullcalendar.min.css - 42772 - ::1 Mozilla/5.0+(Windows+NT+10.0;+WOW64)+AppleWebKit/537.36+(KHTML,+like+Gecko)+Chrome/41.0.2272.118+Safari/537.36 http://localhost:42772/pages/calendar.html 200 0 0 66
2018-03-03 15:54:18 ::1 GET /plugins/fullcalendar/fullcalendar.min.js - 42772 - ::1 Mozilla/5.0+(Windows+NT+10.0;+WOW64)+AppleWebKit/537.36+(KHTML,+like+Gecko)+Chrome/41.0.2272.118+Safari/537.36 http://localhost:42772/pages/calendar.html 200 0 0 94
