#Software: Microsoft Internet Information Services 8.0
#Version: 1.0
#Date: 2018-03-03 15:56:36
#Fields: date time s-ip cs-method cs-uri-stem cs-uri-query s-port cs-username c-ip cs(User-Agent) cs(Referer) sc-status sc-substatus sc-win32-status time-taken
2018-03-03 15:56:36 ::1 GET / - 28404 - ::1 Mozilla/5.0+(Windows+NT+10.0;+WOW64)+AppleWebKit/537.36+(KHTML,+like+Gecko)+Chrome/41.0.2272.118+Safari/537.36 - 200 0 0 8418
2018-03-03 15:56:36 ::1 GET /css/bootstrap-responsive.css - 28404 - ::1 Mozilla/5.0+(Windows+NT+10.0;+WOW64)+AppleWebKit/537.36+(KHTML,+like+Gecko)+Chrome/41.0.2272.118+Safari/537.36 http://localhost:28404/ 200 0 0 38
2018-03-03 15:56:36 ::1 GET /css/jquery.fancybox.css - 28404 - ::1 Mozilla/5.0+(Windows+NT+10.0;+WOW64)+AppleWebKit/537.36+(KHTML,+like+Gecko)+Chrome/41.0.2272.118+Safari/537.36 http://localhost:28404/ 200 0 0 66
2018-03-03 15:56:36 ::1 GET /css/cloud-zoom.css - 28404 - ::1 Mozilla/5.0+(Windows+NT+10.0;+WOW64)+AppleWebKit/537.36+(KHTML,+like+Gecko)+Chrome/41.0.2272.118+Safari/537.36 http://localhost:28404/ 200 0 0 113
2018-03-03 15:56:36 ::1 GET /css/style.css - 28404 - ::1 Mozilla/5.0+(Windows+NT+10.0;+WOW64)+AppleWebKit/537.36+(KHTML,+like+Gecko)+Chrome/41.0.2272.118+Safari/537.36 http://localhost:28404/ 200 0 0 145
2018-03-03 15:56:36 ::1 GET /css/portfolio.css - 28404 - ::1 Mozilla/5.0+(Windows+NT+10.0;+WOW64)+AppleWebKit/537.36+(KHTML,+like+Gecko)+Chrome/41.0.2272.118+Safari/537.36 http://localhost:28404/ 200 0 0 110
2018-03-03 15:56:36 ::1 GET /css/font-awesome.min.css - 28404 - ::1 Mozilla/5.0+(Windows+NT+10.0;+WOW64)+AppleWebKit/537.36+(KHTML,+like+Gecko)+Chrome/41.0.2272.118+Safari/537.36 http://localhost:28404/ 200 0 0 157
2018-03-03 15:56:36 ::1 GET /layerslider/css/layersliderstyle.css - 28404 - ::1 Mozilla/5.0+(Windows+NT+10.0;+WOW64)+AppleWebKit/537.36+(KHTML,+like+Gecko)+Chrome/41.0.2272.118+Safari/537.36 http://localhost:28404/ 200 0 0 80
2018-03-03 15:56:36 ::1 GET /layerslider/css/layerslider.css - 28404 - ::1 Mozilla/5.0+(Windows+NT+10.0;+WOW64)+AppleWebKit/537.36+(KHTML,+like+Gecko)+Chrome/41.0.2272.118+Safari/537.36 http://localhost:28404/ 200 0 0 107
2018-03-03 15:56:36 ::1 GET /js/respond.min.js - 28404 - ::1 Mozilla/5.0+(Windows+NT+10.0;+WOW64)+AppleWebKit/537.36+(KHTML,+like+Gecko)+Chrome/41.0.2272.118+Safari/537.36 http://localhost:28404/ 200 0 0 90
2018-03-03 15:56:36 ::1 GET /css/bootstrap.css - 28404 - ::1 Mozilla/5.0+(Windows+NT+10.0;+WOW64)+AppleWebKit/537.36+(KHTML,+like+Gecko)+Chrome/41.0.2272.118+Safari/537.36 http://localhost:28404/ 200 0 0 292
2018-03-03 15:56:36 ::1 GET /js/jquery.easing.js - 28404 - ::1 Mozilla/5.0+(Windows+NT+10.0;+WOW64)+AppleWebKit/537.36+(KHTML,+like+Gecko)+Chrome/41.0.2272.118+Safari/537.36 http://localhost:28404/ 200 0 0 150
2018-03-03 15:56:36 ::1 GET /js/jquery.js - 28404 - ::1 Mozilla/5.0+(Windows+NT+10.0;+WOW64)+AppleWebKit/537.36+(KHTML,+like+Gecko)+Chrome/41.0.2272.118+Safari/537.36 http://localhost:28404/ 200 0 0 212
2018-03-03 15:56:36 ::1 GET /js/bootstrap.min.js - 28404 - ::1 Mozilla/5.0+(Windows+NT+10.0;+WOW64)+AppleWebKit/537.36+(KHTML,+like+Gecko)+Chrome/41.0.2272.118+Safari/537.36 http://localhost:28404/ 200 0 0 185
2018-03-03 15:56:36 ::1 GET /js/jquery.tweet.js - 28404 - ::1 Mozilla/5.0+(Windows+NT+10.0;+WOW64)+AppleWebKit/537.36+(KHTML,+like+Gecko)+Chrome/41.0.2272.118+Safari/537.36 http://localhost:28404/ 200 0 0 231
2018-03-03 15:56:36 ::1 GET /js/cloud-zoom.1.0.2.js - 28404 - ::1 Mozilla/5.0+(Windows+NT+10.0;+WOW64)+AppleWebKit/537.36+(KHTML,+like+Gecko)+Chrome/41.0.2272.118+Safari/537.36 http://localhost:28404/ 200 0 0 324
2018-03-03 15:56:36 ::1 GET /js/jquery.validate.js - 28404 - ::1 Mozilla/5.0+(Windows+NT+10.0;+WOW64)+AppleWebKit/537.36+(KHTML,+like+Gecko)+Chrome/41.0.2272.118+Safari/537.36 http://localhost:28404/ 200 0 0 291
2018-03-03 15:56:37 ::1 GET /js/jquery.carouFredSel-6.1.0-packed.js - 28404 - ::1 Mozilla/5.0+(Windows+NT+10.0;+WOW64)+AppleWebKit/537.36+(KHTML,+like+Gecko)+Chrome/41.0.2272.118+Safari/537.36 http://localhost:28404/ 200 0 0 518
2018-03-03 15:56:37 ::1 GET /js/jquery.touchSwipe.min.js - 28404 - ::1 Mozilla/5.0+(Windows+NT+10.0;+WOW64)+AppleWebKit/537.36+(KHTML,+like+Gecko)+Chrome/41.0.2272.118+Safari/537.36 http://localhost:28404/ 200 0 0 290
2018-03-03 15:56:37 ::1 GET /js/jquery.mousewheel.min.js - 28404 - ::1 Mozilla/5.0+(Windows+NT+10.0;+WOW64)+AppleWebKit/537.36+(KHTML,+like+Gecko)+Chrome/41.0.2272.118+Safari/537.36 http://localhost:28404/ 200 0 0 372
2018-03-03 15:56:37 ::1 GET /font/fontawesome-webfont.woff v=3.1.0 28404 - ::1 Mozilla/5.0+(Windows+NT+10.0;+WOW64)+AppleWebKit/537.36+(KHTML,+like+Gecko)+Chrome/41.0.2272.118+Safari/537.36 http://localhost:28404/css/font-awesome.min.css 404 0 2 80
2018-03-03 15:56:37 ::1 GET /js/jquery.gmap.js - 28404 - ::1 Mozilla/5.0+(Windows+NT+10.0;+WOW64)+AppleWebKit/537.36+(KHTML,+like+Gecko)+Chrome/41.0.2272.118+Safari/537.36 http://localhost:28404/ 200 0 0 168
2018-03-03 15:56:37 ::1 GET /layerslider/js/layerslider.transitions.js - 28404 - ::1 Mozilla/5.0+(Windows+NT+10.0;+WOW64)+AppleWebKit/537.36+(KHTML,+like+Gecko)+Chrome/41.0.2272.118+Safari/537.36 http://localhost:28404/ 200 0 0 1029
2018-03-03 15:56:37 ::1 GET /js/jquery.countdown.js - 28404 - ::1 Mozilla/5.0+(Windows+NT+10.0;+WOW64)+AppleWebKit/537.36+(KHTML,+like+Gecko)+Chrome/41.0.2272.118+Safari/537.36 http://localhost:28404/ 200 0 0 198
2018-03-03 15:56:37 ::1 GET /img/gotop.png - 28404 - ::1 Mozilla/5.0+(Windows+NT+10.0;+WOW64)+AppleWebKit/537.36+(KHTML,+like+Gecko)+Chrome/41.0.2272.118+Safari/537.36 http://localhost:28404/css/style.css 200 0 0 123
2018-03-03 15:56:37 ::1 GET /js/jquery.fancybox.js - 28404 - ::1 Mozilla/5.0+(Windows+NT+10.0;+WOW64)+AppleWebKit/537.36+(KHTML,+like+Gecko)+Chrome/41.0.2272.118+Safari/537.36 http://localhost:28404/ 200 0 0 106
2018-03-03 15:56:37 ::1 GET /layerslider/js/jquery-transit-modified.js - 28404 - ::1 Mozilla/5.0+(Windows+NT+10.0;+WOW64)+AppleWebKit/537.36+(KHTML,+like+Gecko)+Chrome/41.0.2272.118+Safari/537.36 http://localhost:28404/ 200 0 0 1222
2018-03-03 15:56:37 ::1 GET /layerslider/js/layerslider.kreaturamedia.jquery.js - 28404 - ::1 Mozilla/5.0+(Windows+NT+10.0;+WOW64)+AppleWebKit/537.36+(KHTML,+like+Gecko)+Chrome/41.0.2272.118+Safari/537.36 http://localhost:28404/ 200 0 0 1416
2018-03-03 15:56:37 ::1 GET /font/fontawesome-webfont.ttf v=3.1.0 28404 - ::1 Mozilla/5.0+(Windows+NT+10.0;+WOW64)+AppleWebKit/537.36+(KHTML,+like+Gecko)+Chrome/41.0.2272.118+Safari/537.36 http://localhost:28404/css/font-awesome.min.css 404 0 2 5
2018-03-03 15:56:37 ::1 GET /js/jquery.flexslider.js - 28404 - ::1 Mozilla/5.0+(Windows+NT+10.0;+WOW64)+AppleWebKit/537.36+(KHTML,+like+Gecko)+Chrome/41.0.2272.118+Safari/537.36 http://localhost:28404/ 200 0 0 85
2018-03-03 15:56:37 ::1 GET /js/custom.js - 28404 - ::1 Mozilla/5.0+(Windows+NT+10.0;+WOW64)+AppleWebKit/537.36+(KHTML,+like+Gecko)+Chrome/41.0.2272.118+Safari/537.36 http://localhost:28404/ 200 0 0 39
2018-03-03 15:56:37 ::1 GET /img/logo.png - 28404 - ::1 Mozilla/5.0+(Windows+NT+10.0;+WOW64)+AppleWebKit/537.36+(KHTML,+like+Gecko)+Chrome/41.0.2272.118+Safari/537.36 http://localhost:28404/ 200 0 0 56
2018-03-03 15:56:39 ::1 GET /img/prodcut-40x40.jpg - 28404 - ::1 Mozilla/5.0+(Windows+NT+10.0;+WOW64)+AppleWebKit/537.36+(KHTML,+like+Gecko)+Chrome/41.0.2272.118+Safari/537.36 http://localhost:28404/ 200 0 0 31
2018-03-03 15:56:39 ::1 GET /layerslider/gallery/bg3.jpg - 28404 - ::1 Mozilla/5.0+(Windows+NT+10.0;+WOW64)+AppleWebKit/537.36+(KHTML,+like+Gecko)+Chrome/41.0.2272.118+Safari/537.36 http://localhost:28404/ 200 0 0 39
2018-03-03 15:56:39 ::1 GET /layerslider/gallery/fish-showcase-3.png - 28404 - ::1 Mozilla/5.0+(Windows+NT+10.0;+WOW64)+AppleWebKit/537.36+(KHTML,+like+Gecko)+Chrome/41.0.2272.118+Safari/537.36 http://localhost:28404/ 200 0 0 76
2018-03-03 15:56:39 ::1 GET /layerslider/gallery/fish-showcase-1.png - 28404 - ::1 Mozilla/5.0+(Windows+NT+10.0;+WOW64)+AppleWebKit/537.36+(KHTML,+like+Gecko)+Chrome/41.0.2272.118+Safari/537.36 http://localhost:28404/ 200 0 0 53
2018-03-03 15:56:39 ::1 GET /layerslider/gallery/fish-showcase-2.png - 28404 - ::1 Mozilla/5.0+(Windows+NT+10.0;+WOW64)+AppleWebKit/537.36+(KHTML,+like+Gecko)+Chrome/41.0.2272.118+Safari/537.36 http://localhost:28404/ 200 0 0 108
2018-03-03 15:56:39 ::1 GET /layerslider/gallery/tucan.png - 28404 - ::1 Mozilla/5.0+(Windows+NT+10.0;+WOW64)+AppleWebKit/537.36+(KHTML,+like+Gecko)+Chrome/41.0.2272.118+Safari/537.36 http://localhost:28404/ 200 0 0 43
2018-03-03 15:56:39 ::1 GET /layerslider/gallery/layerslider-on-cellphone.png - 28404 - ::1 Mozilla/5.0+(Windows+NT+10.0;+WOW64)+AppleWebKit/537.36+(KHTML,+like+Gecko)+Chrome/41.0.2272.118+Safari/537.36 http://localhost:28404/ 200 0 0 36
2018-03-03 15:56:39 ::1 GET /layerslider/gallery/layerslider-on-tablet.png - 28404 - ::1 Mozilla/5.0+(Windows+NT+10.0;+WOW64)+AppleWebKit/537.36+(KHTML,+like+Gecko)+Chrome/41.0.2272.118+Safari/537.36 http://localhost:28404/ 200 0 0 25
2018-03-03 15:56:39 ::1 GET /img/proudctbanner.jpg - 28404 - ::1 Mozilla/5.0+(Windows+NT+10.0;+WOW64)+AppleWebKit/537.36+(KHTML,+like+Gecko)+Chrome/41.0.2272.118+Safari/537.36 http://localhost:28404/ 200 0 0 178
2018-03-03 15:56:39 ::1 GET /layerslider/gallery/bg2.jpg - 28404 - ::1 Mozilla/5.0+(Windows+NT+10.0;+WOW64)+AppleWebKit/537.36+(KHTML,+like+Gecko)+Chrome/41.0.2272.118+Safari/537.36 http://localhost:28404/ 200 0 0 106
2018-03-03 15:56:39 ::1 GET /img/product1a.jpg - 28404 - ::1 Mozilla/5.0+(Windows+NT+10.0;+WOW64)+AppleWebKit/537.36+(KHTML,+like+Gecko)+Chrome/41.0.2272.118+Safari/537.36 http://localhost:28404/ 200 0 0 43
2018-03-03 15:56:39 ::1 GET /layerslider/gallery/layerslider-on-computer.png - 28404 - ::1 Mozilla/5.0+(Windows+NT+10.0;+WOW64)+AppleWebKit/537.36+(KHTML,+like+Gecko)+Chrome/41.0.2272.118+Safari/537.36 http://localhost:28404/ 200 0 0 93
2018-03-03 15:56:39 ::1 GET /img/product2a.jpg - 28404 - ::1 Mozilla/5.0+(Windows+NT+10.0;+WOW64)+AppleWebKit/537.36+(KHTML,+like+Gecko)+Chrome/41.0.2272.118+Safari/537.36 http://localhost:28404/ 200 0 0 69
2018-03-03 15:56:39 ::1 GET /img/brand1.jpg - 28404 - ::1 Mozilla/5.0+(Windows+NT+10.0;+WOW64)+AppleWebKit/537.36+(KHTML,+like+Gecko)+Chrome/41.0.2272.118+Safari/537.36 http://localhost:28404/ 200 0 0 103
2018-03-03 15:56:39 ::1 GET /img/brand2.jpg - 28404 - ::1 Mozilla/5.0+(Windows+NT+10.0;+WOW64)+AppleWebKit/537.36+(KHTML,+like+Gecko)+Chrome/41.0.2272.118+Safari/537.36 http://localhost:28404/ 200 0 0 88
2018-03-03 15:56:39 ::1 GET /img/payment_paypal.png - 28404 - ::1 Mozilla/5.0+(Windows+NT+10.0;+WOW64)+AppleWebKit/537.36+(KHTML,+like+Gecko)+Chrome/41.0.2272.118+Safari/537.36 http://localhost:28404/ 200 0 0 21
2018-03-03 15:56:39 ::1 GET /img/payment_american.png - 28404 - ::1 Mozilla/5.0+(Windows+NT+10.0;+WOW64)+AppleWebKit/537.36+(KHTML,+like+Gecko)+Chrome/41.0.2272.118+Safari/537.36 http://localhost:28404/ 200 0 0 32
2018-03-03 15:56:39 ::1 GET /img/brand4.jpg - 28404 - ::1 Mozilla/5.0+(Windows+NT+10.0;+WOW64)+AppleWebKit/537.36+(KHTML,+like+Gecko)+Chrome/41.0.2272.118+Safari/537.36 http://localhost:28404/ 200 0 0 50
2018-03-03 15:56:39 ::1 GET /img/payment_maestro.png - 28404 - ::1 Mozilla/5.0+(Windows+NT+10.0;+WOW64)+AppleWebKit/537.36+(KHTML,+like+Gecko)+Chrome/41.0.2272.118+Safari/537.36 http://localhost:28404/ 200 0 0 63
2018-03-03 15:56:39 ::1 GET /img/payment_2checkout.png - 28404 - ::1 Mozilla/5.0+(Windows+NT+10.0;+WOW64)+AppleWebKit/537.36+(KHTML,+like+Gecko)+Chrome/41.0.2272.118+Safari/537.36 http://localhost:28404/ 200 0 0 76
2018-03-03 15:56:39 ::1 GET /img/brand3.jpg - 28404 - ::1 Mozilla/5.0+(Windows+NT+10.0;+WOW64)+AppleWebKit/537.36+(KHTML,+like+Gecko)+Chrome/41.0.2272.118+Safari/537.36 http://localhost:28404/ 200 0 0 146
2018-03-03 15:56:39 ::1 GET /img/singlepx.png - 28404 - ::1 Mozilla/5.0+(Windows+NT+10.0;+WOW64)+AppleWebKit/537.36+(KHTML,+like+Gecko)+Chrome/41.0.2272.118+Safari/537.36 http://localhost:28404/css/style.css 200 0 0 165
2018-03-03 15:56:39 ::1 GET /img/payment_discover.png - 28404 - ::1 Mozilla/5.0+(Windows+NT+10.0;+WOW64)+AppleWebKit/537.36+(KHTML,+like+Gecko)+Chrome/41.0.2272.118+Safari/537.36 http://localhost:28404/ 200 0 0 174
2018-03-03 15:56:39 ::1 POST /twitter/ - 28404 - ::1 Mozilla/5.0+(Windows+NT+10.0;+WOW64)+AppleWebKit/537.36+(KHTML,+like+Gecko)+Chrome/41.0.2272.118+Safari/537.36 http://localhost:28404/ 404 0 2 58
2018-03-03 15:56:39 ::1 GET /layerslider/skins/borderlessdark3d/skin.css - 28404 - ::1 Mozilla/5.0+(Windows+NT+10.0;+WOW64)+AppleWebKit/537.36+(KHTML,+like+Gecko)+Chrome/41.0.2272.118+Safari/537.36 http://localhost:28404/ 404 0 2 4
2018-03-03 15:56:40 ::1 GET /assets/ico/favicon.ico - 28404 - ::1 Mozilla/5.0+(Windows+NT+10.0;+WOW64)+AppleWebKit/537.36+(KHTML,+like+Gecko)+Chrome/41.0.2272.118+Safari/537.36 - 404 0 2 7
