#Software: Microsoft Internet Information Services 8.0
#Version: 1.0
#Date: 2018-03-05 14:11:05
#Fields: date time s-ip cs-method cs-uri-stem cs-uri-query s-port cs-username c-ip cs(User-Agent) cs(Referer) sc-status sc-substatus sc-win32-status time-taken
2018-03-05 14:11:05 ::1 GET /Feedback.aspx - 6665 - ::1 Mozilla/5.0+(Windows+NT+10.0;+WOW64;+Trident/7.0;+rv:11.0)+like+Gecko - 500 0 0 2959
2018-03-05 14:11:28 ::1 GET /Feedback.aspx - 6665 - ::1 Mozilla/5.0+(Windows+NT+10.0;+WOW64;+Trident/7.0;+rv:11.0)+like+Gecko - 500 0 0 1549
2018-03-05 14:13:26 ::1 GET /Feedback.aspx - 6665 - ::1 Mozilla/5.0+(Windows+NT+10.0;+WOW64;+Trident/7.0;+rv:11.0)+like+Gecko - 500 0 0 1285
#Software: Microsoft Internet Information Services 8.0
#Version: 1.0
#Date: 2018-03-05 14:15:09
#Fields: date time s-ip cs-method cs-uri-stem cs-uri-query s-port cs-username c-ip cs(User-Agent) cs(Referer) sc-status sc-substatus sc-win32-status time-taken
2018-03-05 14:15:09 ::1 GET /default.aspx - 6665 - ::1 Mozilla/5.0+(Windows+NT+10.0;+WOW64;+Trident/7.0;+rv:11.0)+like+Gecko - 200 0 0 4389
2018-03-05 14:15:15 ::1 GET /Feedback.aspx - 6665 - ::1 Mozilla/5.0+(Windows+NT+10.0;+WOW64;+Trident/7.0;+rv:11.0)+like+Gecko http://localhost:6665/default.aspx 500 0 0 300
2018-03-05 14:17:58 ::1 GET /Feedback.aspx - 6665 - ::1 Mozilla/5.0+(Windows+NT+10.0;+WOW64;+Trident/7.0;+rv:11.0)+like+Gecko - 500 0 0 470
2018-03-05 14:20:19 ::1 GET /Feedback.aspx - 6665 - ::1 Mozilla/5.0+(Windows+NT+10.0;+WOW64;+Trident/7.0;+rv:11.0)+like+Gecko - 500 0 0 1039
2018-03-05 14:22:42 ::1 GET /Feedback.aspx - 6665 - ::1 Mozilla/5.0+(Windows+NT+10.0;+WOW64;+Trident/7.0;+rv:11.0)+like+Gecko - 500 0 0 1102
2018-03-05 14:36:34 ::1 GET /Feedback.aspx - 6665 - ::1 Mozilla/5.0+(Windows+NT+10.0;+WOW64;+Trident/7.0;+rv:11.0)+like+Gecko - 500 0 0 4590
2018-03-05 14:40:40 ::1 GET /Feedback.aspx - 6665 - ::1 Mozilla/5.0+(Windows+NT+10.0;+WOW64;+Trident/7.0;+rv:11.0)+like+Gecko - 500 0 0 2
2018-03-05 14:40:51 ::1 GET /Feedback.aspx - 6665 - ::1 Mozilla/5.0+(Windows+NT+10.0;+WOW64;+Trident/7.0;+rv:11.0)+like+Gecko - 200 0 0 1545
2018-03-05 14:40:51 ::1 GET /WebResource.axd d=pynGkmcFUV13He1Qd6_TZA7Muc5TRadyehQA5Zxs02l-na9QXZC6JNUqWMYe3L-m52-sUiL8QlPVcMMxM-b8qA2&t=635973540379903888 6665 - ::1 Mozilla/5.0+(Windows+NT+10.0;+WOW64;+Trident/7.0;+rv:11.0)+like+Gecko http://localhost:6665/Feedback.aspx 200 0 0 53
2018-03-05 14:40:51 ::1 GET /WebResource.axd d=x2nkrMJGXkMELz33nwnakPktMK2el3cxumZEC6p_81ZDy1QSoSVb5G4fWjyP8e_xRqBwbjI4MXY_u1dpkhCW-Oh-8nlX7bj5WeL4DD0DE8k1&t=635973540379903888 6665 - ::1 Mozilla/5.0+(Windows+NT+10.0;+WOW64;+Trident/7.0;+rv:11.0)+like+Gecko http://localhost:6665/Feedback.aspx 200 0 0 69
#Software: Microsoft Internet Information Services 8.0
#Version: 1.0
#Date: 2018-03-05 14:44:00
#Fields: date time s-ip cs-method cs-uri-stem cs-uri-query s-port cs-username c-ip cs(User-Agent) cs(Referer) sc-status sc-substatus sc-win32-status time-taken
2018-03-05 14:44:00 ::1 GET /default.aspx - 6665 - ::1 Mozilla/5.0+(Windows+NT+10.0;+WOW64;+Trident/7.0;+rv:11.0)+like+Gecko - 200 0 0 5675
2018-03-05 14:44:03 ::1 GET /Feedback.aspx - 6665 - ::1 Mozilla/5.0+(Windows+NT+10.0;+WOW64;+Trident/7.0;+rv:11.0)+like+Gecko http://localhost:6665/default.aspx 200 0 0 137
2018-03-05 14:51:18 ::1 GET /Feedback.aspx - 6665 - ::1 Mozilla/5.0+(Windows+NT+10.0;+WOW64;+Trident/7.0;+rv:11.0)+like+Gecko - 200 0 0 3530
2018-03-05 14:57:33 ::1 GET /Feedback.aspx - 6665 - ::1 Mozilla/5.0+(Windows+NT+10.0;+WOW64;+Trident/7.0;+rv:11.0)+like+Gecko - 200 0 0 3702
2018-03-05 14:57:44 ::1 POST /Feedback.aspx - 6665 - ::1 Mozilla/5.0+(Windows+NT+10.0;+WOW64;+Trident/7.0;+rv:11.0)+like+Gecko http://localhost:6665/Feedback.aspx 200 0 0 15
#Software: Microsoft Internet Information Services 8.0
#Version: 1.0
#Date: 2018-03-05 15:56:31
#Fields: date time s-ip cs-method cs-uri-stem cs-uri-query s-port cs-username c-ip cs(User-Agent) cs(Referer) sc-status sc-substatus sc-win32-status time-taken
2018-03-05 15:56:31 ::1 GET /Feedback.aspx - 6665 - ::1 Mozilla/5.0+(Windows+NT+10.0;+WOW64;+Trident/7.0;+rv:11.0)+like+Gecko - 500 0 0 3536
2018-03-05 15:58:30 ::1 GET /Feedback.aspx - 6665 - ::1 Mozilla/5.0+(Windows+NT+10.0;+WOW64;+Trident/7.0;+rv:11.0)+like+Gecko - 200 0 0 3356
2018-03-05 16:01:09 ::1 GET /Feedback.aspx - 6665 - ::1 Mozilla/5.0+(Windows+NT+10.0;+WOW64;+Trident/7.0;+rv:11.0)+like+Gecko - 500 0 0 3079
2018-03-05 16:02:48 ::1 GET /Feedback.aspx - 6665 - ::1 Mozilla/5.0+(Windows+NT+10.0;+WOW64;+Trident/7.0;+rv:11.0)+like+Gecko - 500 0 0 1117
2018-03-05 16:03:15 ::1 GET /Feedback.aspx - 6665 - ::1 Mozilla/5.0+(Windows+NT+10.0;+WOW64;+Trident/7.0;+rv:11.0)+like+Gecko - 200 0 0 1391
2018-03-05 16:04:33 ::1 GET /Feedback.aspx - 6665 - ::1 Mozilla/5.0+(Windows+NT+10.0;+WOW64;+Trident/7.0;+rv:11.0)+like+Gecko - 200 0 0 1537
2018-03-05 16:05:19 ::1 GET /Feedback.aspx - 6665 - ::1 Mozilla/5.0+(Windows+NT+10.0;+WOW64;+Trident/7.0;+rv:11.0)+like+Gecko - 200 0 0 1302
#Software: Microsoft Internet Information Services 8.0
#Version: 1.0
#Date: 2018-03-05 16:21:41
#Fields: date time s-ip cs-method cs-uri-stem cs-uri-query s-port cs-username c-ip cs(User-Agent) cs(Referer) sc-status sc-substatus sc-win32-status time-taken
2018-03-05 16:21:41 ::1 GET /default.aspx - 6665 - ::1 Mozilla/5.0+(Windows+NT+10.0;+WOW64;+Trident/7.0;+rv:11.0)+like+Gecko - 200 0 0 5806
2018-03-05 16:21:48 ::1 GET /Feedback.aspx - 6665 - ::1 Mozilla/5.0+(Windows+NT+10.0;+WOW64;+Trident/7.0;+rv:11.0)+like+Gecko http://localhost:6665/default.aspx 200 0 0 137
2018-03-05 16:23:37 ::1 POST /Feedback.aspx - 6665 - ::1 Mozilla/5.0+(Windows+NT+10.0;+WOW64;+Trident/7.0;+rv:11.0)+like+Gecko http://localhost:6665/Feedback.aspx 500 0 64 46533
#Software: Microsoft Internet Information Services 8.0
#Version: 1.0
#Date: 2018-03-05 16:24:02
#Fields: date time s-ip cs-method cs-uri-stem cs-uri-query s-port cs-username c-ip cs(User-Agent) cs(Referer) sc-status sc-substatus sc-win32-status time-taken
2018-03-05 16:24:02 ::1 GET /default.aspx - 6665 - ::1 Mozilla/5.0+(Windows+NT+10.0;+WOW64;+Trident/7.0;+rv:11.0)+like+Gecko - 200 0 0 2656
2018-03-05 16:24:12 ::1 GET /Feedback.aspx - 6665 - ::1 Mozilla/5.0+(Windows+NT+10.0;+WOW64;+Trident/7.0;+rv:11.0)+like+Gecko http://localhost:6665/default.aspx 200 0 0 963
2018-03-05 16:25:23 ::1 POST /Feedback.aspx - 6665 - ::1 Mozilla/5.0+(Windows+NT+10.0;+WOW64;+Trident/7.0;+rv:11.0)+like+Gecko http://localhost:6665/Feedback.aspx 500 0 64 19422
#Software: Microsoft Internet Information Services 8.0
#Version: 1.0
#Date: 2018-03-05 16:29:51
#Fields: date time s-ip cs-method cs-uri-stem cs-uri-query s-port cs-username c-ip cs(User-Agent) cs(Referer) sc-status sc-substatus sc-win32-status time-taken
2018-03-05 16:29:51 ::1 GET /default.aspx - 6665 - ::1 Mozilla/5.0+(Windows+NT+10.0;+WOW64;+Trident/7.0;+rv:11.0)+like+Gecko - 200 0 0 7307
#Software: Microsoft Internet Information Services 8.0
#Version: 1.0
#Date: 2018-03-05 16:30:23
#Fields: date time s-ip cs-method cs-uri-stem cs-uri-query s-port cs-username c-ip cs(User-Agent) cs(Referer) sc-status sc-substatus sc-win32-status time-taken
2018-03-05 16:30:23 ::1 GET /default.aspx - 6665 - ::1 Mozilla/5.0+(Windows+NT+10.0;+WOW64;+Trident/7.0;+rv:11.0)+like+Gecko - 200 0 0 6854
2018-03-05 16:30:26 ::1 GET /Feedback.aspx - 6665 - ::1 Mozilla/5.0+(Windows+NT+10.0;+WOW64;+Trident/7.0;+rv:11.0)+like+Gecko http://localhost:6665/default.aspx 200 0 0 131
2018-03-05 16:32:22 ::1 POST /Feedback.aspx - 6665 - ::1 Mozilla/5.0+(Windows+NT+10.0;+WOW64;+Trident/7.0;+rv:11.0)+like+Gecko http://localhost:6665/Feedback.aspx 500 0 64 95639
