#Software: Microsoft Internet Information Services 8.0
#Version: 1.0
#Date: 2018-03-04 16:04:37
#Fields: date time s-ip cs-method cs-uri-stem cs-uri-query s-port cs-username c-ip cs(User-Agent) cs(Referer) sc-status sc-substatus sc-win32-status time-taken
2018-03-04 16:04:37 ::1 GET /default.aspx - 6665 - ::1 Mozilla/5.0+(Windows+NT+10.0;+WOW64;+Trident/7.0;+rv:11.0)+like+Gecko - 200 0 0 14649
2018-03-04 16:04:37 ::1 GET /images/line.gif - 6665 - ::1 Mozilla/5.0+(Windows+NT+10.0;+WOW64;+Trident/7.0;+rv:11.0)+like+Gecko http://localhost:6665/default.aspx 200 0 0 0
2018-03-04 16:04:37 ::1 GET /css/style.css - 6665 - ::1 Mozilla/5.0+(Windows+NT+10.0;+WOW64;+Trident/7.0;+rv:11.0)+like+Gecko http://localhost:6665/default.aspx 200 0 0 46
2018-03-04 16:04:37 ::1 GET /images/logo.jpg - 6665 - ::1 Mozilla/5.0+(Windows+NT+10.0;+WOW64;+Trident/7.0;+rv:11.0)+like+Gecko http://localhost:6665/default.aspx 200 0 0 62
2018-03-04 16:04:37 ::1 GET /images/world.jpg - 6665 - ::1 Mozilla/5.0+(Windows+NT+10.0;+WOW64;+Trident/7.0;+rv:11.0)+like+Gecko http://localhost:6665/default.aspx 200 0 0 115
2018-03-04 16:04:37 ::1 GET /css/font-awesome.css - 6665 - ::1 Mozilla/5.0+(Windows+NT+10.0;+WOW64;+Trident/7.0;+rv:11.0)+like+Gecko http://localhost:6665/default.aspx 200 0 0 131
2018-03-04 16:04:37 ::1 GET /css/bootstrap.min.css - 6665 - ::1 Mozilla/5.0+(Windows+NT+10.0;+WOW64;+Trident/7.0;+rv:11.0)+like+Gecko http://localhost:6665/default.aspx 200 0 0 278
2018-03-04 16:04:52 ::1 GET /favicon.ico - 6665 - ::1 Mozilla/5.0+(Windows+NT+10.0;+WOW64;+Trident/7.0;+rv:11.0)+like+Gecko - 404 0 2 31
2018-03-04 16:04:52 ::1 GET /images/part_bg.gif - 6665 - ::1 Mozilla/5.0+(Windows+NT+10.0;+WOW64;+Trident/7.0;+rv:11.0)+like+Gecko http://localhost:6665/default.aspx 200 0 0 0
2018-03-04 16:04:52 ::1 GET /images/ft_bg.gif - 6665 - ::1 Mozilla/5.0+(Windows+NT+10.0;+WOW64;+Trident/7.0;+rv:11.0)+like+Gecko http://localhost:6665/default.aspx 200 0 0 0
2018-03-04 16:04:52 ::1 GET /images/top1.jpg - 6665 - ::1 Mozilla/5.0+(Windows+NT+10.0;+WOW64;+Trident/7.0;+rv:11.0)+like+Gecko http://localhost:6665/default.aspx 200 0 0 31
2018-03-04 16:04:52 ::1 GET /images/menu.jpg - 6665 - ::1 Mozilla/5.0+(Windows+NT+10.0;+WOW64;+Trident/7.0;+rv:11.0)+like+Gecko http://localhost:6665/default.aspx 200 0 0 31
2018-03-04 16:04:52 ::1 GET /images/top2.jpg - 6665 - ::1 Mozilla/5.0+(Windows+NT+10.0;+WOW64;+Trident/7.0;+rv:11.0)+like+Gecko http://localhost:6665/default.aspx 200 0 0 46
2018-03-04 16:05:19 ::1 GET /Regist.aspx - 6665 - ::1 Mozilla/5.0+(Windows+NT+10.0;+WOW64;+Trident/7.0;+rv:11.0)+like+Gecko http://localhost:6665/default.aspx 200 0 0 2035
2018-03-04 16:05:29 ::1 GET /Feedback.aspx - 6665 - ::1 Mozilla/5.0+(Windows+NT+10.0;+WOW64;+Trident/7.0;+rv:11.0)+like+Gecko http://localhost:6665/Regist.aspx 200 0 0 115
2018-03-04 16:05:35 ::1 GET /favicon.ico - 6665 - ::1 Mozilla/5.0+(Windows+NT+10.0;+WOW64;+Trident/7.0;+rv:11.0)+like+Gecko - 404 0 2 0
2018-03-04 16:05:35 ::1 GET /Feedback.aspx - 6665 - ::1 Mozilla/5.0+(Windows+NT+10.0;+WOW64;+Trident/7.0;+rv:11.0)+like+Gecko http://localhost:6665/Feedback.aspx 200 0 0 53
2018-03-04 16:05:45 ::1 GET /Feedback.aspx - 6665 - ::1 Mozilla/5.0+(Windows+NT+10.0;+WOW64;+Trident/7.0;+rv:11.0)+like+Gecko http://localhost:6665/Feedback.aspx 200 0 0 37
#Software: Microsoft Internet Information Services 8.0
#Version: 1.0
#Date: 2018-03-04 16:08:56
#Fields: date time s-ip cs-method cs-uri-stem cs-uri-query s-port cs-username c-ip cs(User-Agent) cs(Referer) sc-status sc-substatus sc-win32-status time-taken
2018-03-04 16:08:56 ::1 GET /default.aspx - 6665 - ::1 Mozilla/5.0+(Windows+NT+10.0;+WOW64;+Trident/7.0;+rv:11.0)+like+Gecko - 200 0 0 2833
2018-03-04 16:11:48 ::1 GET /Feedback.aspx - 6665 - ::1 Mozilla/5.0+(Windows+NT+10.0;+WOW64;+Trident/7.0;+rv:11.0)+like+Gecko - 200 0 0 1885
2018-03-04 16:14:45 ::1 GET /Feedback.aspx - 6665 - ::1 Mozilla/5.0+(Windows+NT+10.0;+WOW64;+Trident/7.0;+rv:11.0)+like+Gecko - 200 0 0 3336
2018-03-04 16:23:27 ::1 GET /Feedback.aspx - 6665 - ::1 Mozilla/5.0+(Windows+NT+10.0;+WOW64;+Trident/7.0;+rv:11.0)+like+Gecko - 200 0 0 3900
2018-03-04 16:28:27 ::1 GET /Feedback.aspx - 6665 - ::1 Mozilla/5.0+(Windows+NT+10.0;+WOW64;+Trident/7.0;+rv:11.0)+like+Gecko - 200 0 0 3694
2018-03-04 16:30:58 ::1 GET /Regist.aspx - 6665 - ::1 Mozilla/5.0+(Windows+NT+10.0;+WOW64;+Trident/7.0;+rv:11.0)+like+Gecko http://localhost:6665/Feedback.aspx 200 0 0 68
2018-03-04 16:31:01 ::1 GET /Feedback.aspx - 6665 - ::1 Mozilla/5.0+(Windows+NT+10.0;+WOW64;+Trident/7.0;+rv:11.0)+like+Gecko http://localhost:6665/Regist.aspx 200 0 0 15
2018-03-04 16:31:08 ::1 GET /Institutions.aspx - 6665 - ::1 Mozilla/5.0+(Windows+NT+10.0;+WOW64;+Trident/7.0;+rv:11.0)+like+Gecko http://localhost:6665/Feedback.aspx 200 0 0 1316
2018-03-04 16:31:08 ::1 GET /school/sm1.jpg - 6665 - ::1 Mozilla/5.0+(Windows+NT+10.0;+WOW64;+Trident/7.0;+rv:11.0)+like+Gecko http://localhost:6665/Institutions.aspx 200 0 0 15
2018-03-04 16:31:08 ::1 GET /images/view.jpg - 6665 - ::1 Mozilla/5.0+(Windows+NT+10.0;+WOW64;+Trident/7.0;+rv:11.0)+like+Gecko http://localhost:6665/Institutions.aspx 200 0 0 31
2018-03-04 16:31:08 ::1 GET /school/sm3.jpg - 6665 - ::1 Mozilla/5.0+(Windows+NT+10.0;+WOW64;+Trident/7.0;+rv:11.0)+like+Gecko http://localhost:6665/Institutions.aspx 200 0 0 46
2018-03-04 16:31:08 ::1 GET /school/502.jpg - 6665 - ::1 Mozilla/5.0+(Windows+NT+10.0;+WOW64;+Trident/7.0;+rv:11.0)+like+Gecko http://localhost:6665/Institutions.aspx 200 0 0 68
2018-03-04 16:31:08 ::1 GET /school/555.jpg - 6665 - ::1 Mozilla/5.0+(Windows+NT+10.0;+WOW64;+Trident/7.0;+rv:11.0)+like+Gecko http://localhost:6665/Institutions.aspx 200 0 0 115
2018-03-04 16:31:10 ::1 GET /Regist.aspx - 6665 - ::1 Mozilla/5.0+(Windows+NT+10.0;+WOW64;+Trident/7.0;+rv:11.0)+like+Gecko http://localhost:6665/Institutions.aspx 200 0 0 15
2018-03-04 16:31:13 ::1 GET /default.aspx - 6665 - ::1 Mozilla/5.0+(Windows+NT+10.0;+WOW64;+Trident/7.0;+rv:11.0)+like+Gecko http://localhost:6665/Regist.aspx 200 0 0 53
2018-03-04 16:31:55 ::1 GET /Regist.aspx - 6665 - ::1 Mozilla/5.0+(Windows+NT+10.0;+WOW64;+Trident/7.0;+rv:11.0)+like+Gecko http://localhost:6665/default.aspx 200 0 0 15
2018-03-04 16:31:57 ::1 GET /default.aspx - 6665 - ::1 Mozilla/5.0+(Windows+NT+10.0;+WOW64;+Trident/7.0;+rv:11.0)+like+Gecko http://localhost:6665/Regist.aspx 200 0 0 15
2018-03-04 16:31:59 ::1 GET /Regist.aspx - 6665 - ::1 Mozilla/5.0+(Windows+NT+10.0;+WOW64;+Trident/7.0;+rv:11.0)+like+Gecko http://localhost:6665/default.aspx 200 0 0 15
2018-03-04 16:32:00 ::1 GET /Institutions.aspx - 6665 - ::1 Mozilla/5.0+(Windows+NT+10.0;+WOW64;+Trident/7.0;+rv:11.0)+like+Gecko http://localhost:6665/Regist.aspx 200 0 0 62
2018-03-04 16:32:01 ::1 GET /Regist.aspx - 6665 - ::1 Mozilla/5.0+(Windows+NT+10.0;+WOW64;+Trident/7.0;+rv:11.0)+like+Gecko http://localhost:6665/Institutions.aspx 200 0 0 0
2018-03-04 16:32:04 ::1 GET /default.aspx - 6665 - ::1 Mozilla/5.0+(Windows+NT+10.0;+WOW64;+Trident/7.0;+rv:11.0)+like+Gecko http://localhost:6665/Regist.aspx 200 0 0 15
